ISim log file
Running: D:\Libraries\EE\FPGA\Basys 2\vgaText\tb_vgaText1_isim_beh.exe -intstyle ise -gui -tclbatch isim.cmd -wdb D:/Libraries/EE/FPGA/Basys 2/vgaText/tb_vgaText1_isim_beh.wdb 
ISim P.58f (signature 0x7708f090)
WARNING: A WEBPACK license was found.
WARNING: Please use Xilinx License Configuration Manager to check out a full ISim license.
WARNING: ISim will run in Lite mode. Please refer to the ISim documentation for more information on the differences between the Lite and the Full version.
This is a Lite version of ISim.
Time resolution is 1 ps
# onerror resume
# wave add /
# run 1000 ns
Simulator is doing circuit initialization process.
at 0 ps, Instance /tb_vgatext1/uut/textDB/textDB/ : Warning: NUMERIC_STD.TO_INTEGER: metavalue detected, returning 0
Finished circuit initialization process.
at 5 ns(2), Instance /tb_vgatext1/uut/textDB/textDB/ : Warning: NUMERIC_STD.TO_INTEGER: metavalue detected, returning 0
# restart
# run 10s
Simulator is doing circuit initialization process.
at 0 ps, Instance /tb_vgatext1/uut/textDB/textDB/ : Warning: NUMERIC_STD.TO_INTEGER: metavalue detected, returning 0
Finished circuit initialization process.
at 5 ns(2), Instance /tb_vgatext1/uut/textDB/textDB/ : Warning: NUMERIC_STD.TO_INTEGER: metavalue detected, returning 0
Stopped at time : 39278535 ns : File "D:/Libraries/EE/FPGA/Basys 2/vgaText/vgaText_top.vhd" Line 133
